2021-03-01 16:22:16,092 [main] DEBUG org.jboss.logging - Logging Provider: org.jboss.logging.Slf4jLoggerProvider 
2021-03-01 16:48:45,495 [nREPL-session-2bd8457c-0bae-4c9a-bc84-06ed8c3f665f] INFO  cuberoom.env - 
-=[cuberoom started successfully using the development profile]=- 
2021-03-01 16:48:45,849 [nREPL-session-2bd8457c-0bae-4c9a-bc84-06ed8c3f665f] INFO  luminus.http-server - starting HTTP server on port 3000 
2021-03-01 16:48:45,878 [nREPL-session-2bd8457c-0bae-4c9a-bc84-06ed8c3f665f] DEBUG io.undertow - starting undertow server io.undertow.Undertow@1ac173fa 
2021-03-01 16:48:45,886 [nREPL-session-2bd8457c-0bae-4c9a-bc84-06ed8c3f665f] INFO  org.xnio - XNIO version 3.3.6.Final 
2021-03-01 16:48:45,997 [nREPL-session-2bd8457c-0bae-4c9a-bc84-06ed8c3f665f] DEBUG io.undertow - Configuring listener with protocol HTTP for interface 0.0.0.0 and port 3000 
2021-03-01 16:48:46,027 [nREPL-session-2bd8457c-0bae-4c9a-bc84-06ed8c3f665f] INFO  org.projectodd.wunderboss.web.Web - Registered web context / 
2021-03-01 16:49:29,292 [Thread-24] ERROR cuberoom.core - {:what :uncaught-exception, :exception #error {
 :cause nil
 :via
 [{:type java.lang.NullPointerException
   :message nil
   :at [java.util.regex.Matcher getTextLength Matcher.java 1770]}]
 :trace
 [[java.util.regex.Matcher getTextLength Matcher.java 1770]
  [java.util.regex.Matcher reset Matcher.java 416]
  [java.util.regex.Matcher <init> Matcher.java 253]
  [java.util.regex.Pattern matcher Pattern.java 1135]
  [clojure.core$re_matcher invokeStatic core.clj 4856]
  [clojure.core$re_find invokeStatic core.clj 4898]
  [clojure.core$re_find invoke core.clj 4898]
  [cljs.analyzer$analyze_file invokeStatic analyzer.cljc 4741]
  [cljs.analyzer$analyze_file invoke analyzer.cljc 4717]
  [cljs.analyzer$analyze_file invokeStatic analyzer.cljc 4731]
  [cljs.analyzer$analyze_file invoke analyzer.cljc 4717]
  [cljs.analyzer$analyze_file invokeStatic analyzer.cljc 4727]
  [cljs.analyzer$analyze_file invoke analyzer.cljc 4717]
  [cljs.repl$repl_STAR_$fn__6924$fn__6925$fn__6928 invoke repl.cljc 1180]
  [clojure.lang.AFn applyToHelper AFn.java 152]
  [clojure.lang.AFn applyTo AFn.java 144]
  [clojure.core$apply invokeStatic core.clj 665]
  [clojure.core$with_bindings_STAR_ invokeStatic core.clj 1973]
  [clojure.core$with_bindings_STAR_ doInvoke core.clj 1973]
  [clojure.lang.RestFn invoke RestFn.java 425]
  [clojure.lang.AFn applyToHelper AFn.java 156]
  [clojure.lang.RestFn applyTo RestFn.java 132]
  [clojure.core$apply invokeStatic core.clj 669]
  [clojure.core$bound_fn_STAR_$fn__5749 doInvoke core.clj 2003]
  [clojure.lang.RestFn invoke RestFn.java 397]
  [clojure.lang.AFn run AFn.java 22]
  [java.lang.Thread run Thread.java 832]]}, :where Uncaught exception onThread-24} 
2021-03-01 21:48:04,201 [main] INFO  cuberoom.env - 
-=[cuberoom started successfully]=- 
2021-03-01 21:48:04,656 [main] INFO  luminus.http-server - starting HTTP server on port 8081 
2021-03-01 21:48:04,679 [main] INFO  org.xnio - XNIO version 3.3.6.Final 
2021-03-01 21:48:04,814 [main] INFO  org.projectodd.wunderboss.web.Web - Registered web context / 
2021-03-01 21:48:04,815 [main] INFO  cuberoom.core - #'cuberoom.config/env started 
2021-03-01 21:48:04,815 [main] INFO  cuberoom.core - #'cuberoom.handler/init-app started 
2021-03-01 21:48:04,815 [main] INFO  cuberoom.core - #'cuberoom.handler/app-routes started 
2021-03-01 21:48:04,815 [main] INFO  cuberoom.core - #'cuberoom.core/http-server started 
2021-03-01 21:48:04,815 [main] INFO  cuberoom.core - #'cuberoom.core/repl-server started 
2021-03-01 21:51:53,972 [Thread-2] INFO  luminus.http-server - HTTP server stopped 
2021-03-01 21:51:53,973 [Thread-2] INFO  cuberoom.env - 
-=[cuberoom has shut down successfully]=- 
2021-03-01 21:51:53,974 [Thread-2] INFO  cuberoom.core - #'cuberoom.core/repl-server stopped 
2021-03-01 21:51:53,974 [Thread-2] INFO  cuberoom.core - #'cuberoom.core/http-server stopped 
2021-03-01 21:51:53,974 [Thread-2] INFO  cuberoom.core - #'cuberoom.handler/init-app stopped 
2021-03-01 21:54:05,082 [main] INFO  cuberoom.env - 
-=[cuberoom started successfully]=- 
2021-03-01 21:54:05,552 [main] INFO  luminus.http-server - starting HTTP server on port 8081 
2021-03-01 21:54:05,576 [main] INFO  org.xnio - XNIO version 3.3.6.Final 
2021-03-01 21:54:05,722 [main] INFO  org.projectodd.wunderboss.web.Web - Registered web context / 
2021-03-01 21:54:05,723 [main] INFO  cuberoom.core - #'cuberoom.config/env started 
2021-03-01 21:54:05,723 [main] INFO  cuberoom.core - #'cuberoom.handler/init-app started 
2021-03-01 21:54:05,724 [main] INFO  cuberoom.core - #'cuberoom.handler/app-routes started 
2021-03-01 21:54:05,724 [main] INFO  cuberoom.core - #'cuberoom.core/http-server started 
2021-03-01 21:54:05,724 [main] INFO  cuberoom.core - #'cuberoom.core/repl-server started 
2021-03-01 21:54:23,306 [Thread-2] INFO  luminus.http-server - HTTP server stopped 
2021-03-01 21:54:23,308 [Thread-2] INFO  cuberoom.env - 
-=[cuberoom has shut down successfully]=- 
2021-03-01 21:54:23,308 [Thread-2] INFO  cuberoom.core - #'cuberoom.core/repl-server stopped 
2021-03-01 21:54:23,308 [Thread-2] INFO  cuberoom.core - #'cuberoom.core/http-server stopped 
2021-03-01 21:54:23,308 [Thread-2] INFO  cuberoom.core - #'cuberoom.handler/init-app stopped 
