2021-01-15 10:50:31,558 [main] DEBUG org.jboss.logging - Logging Provider: org.jboss.logging.Slf4jLoggerProvider 
2021-01-15 10:50:31,802 [main] INFO  multi-client-ws.env - 
-=[multi-client-ws started successfully using the development profile]=- 
2021-01-15 10:50:32,150 [main] INFO  luminus.http-server - starting HTTP server on port 3000 
2021-01-15 10:50:32,175 [main] DEBUG io.undertow - starting undertow server io.undertow.Undertow@669c7f87 
2021-01-15 10:50:32,183 [main] INFO  org.xnio - XNIO version 3.3.6.Final 
2021-01-15 10:50:32,316 [main] DEBUG io.undertow - Configuring listener with protocol HTTP for interface 0.0.0.0 and port 3000 
2021-01-15 10:50:32,345 [main] INFO  org.projectodd.wunderboss.web.Web - Registered web context / 
2021-01-15 10:50:32,346 [main] INFO  multi-client-ws.nrepl - starting nREPL server on port 7000 
2021-01-15 10:50:32,361 [main] INFO  multi-client-ws.core - #'multi-client-ws.config/env started 
2021-01-15 10:50:32,361 [main] INFO  multi-client-ws.core - #'multi-client-ws.handler/init-app started 
2021-01-15 10:50:32,361 [main] INFO  multi-client-ws.core - #'multi-client-ws.handler/app-routes started 
2021-01-15 10:50:32,361 [main] INFO  multi-client-ws.core - #'multi-client-ws.core/http-server started 
2021-01-15 10:50:32,362 [main] INFO  multi-client-ws.core - #'multi-client-ws.core/repl-server started 
2021-01-15 11:09:44,440 [Thread-2] INFO  multi-client-ws.nrepl - nREPL server stopped 
2021-01-15 11:09:44,441 [Thread-2] DEBUG org.projectodd.wunderboss.WunderBoss - Returning existing component for org.projectodd.wunderboss.web.Web:-1645144552, ignoring options. 
2021-01-15 11:09:44,442 [Thread-2] DEBUG io.undertow - stopping undertow server io.undertow.Undertow@669c7f87 
2021-01-15 11:09:44,445 [Thread-2] INFO  luminus.http-server - HTTP server stopped 
2021-01-15 11:09:44,446 [Thread-2] INFO  multi-client-ws.env - 
-=[multi-client-ws has shut down successfully]=- 
2021-01-15 11:09:44,446 [Thread-2] INFO  multi-client-ws.core - #'multi-client-ws.core/repl-server stopped 
2021-01-15 11:09:44,446 [Thread-2] INFO  multi-client-ws.core - #'multi-client-ws.core/http-server stopped 
2021-01-15 11:09:44,446 [Thread-2] INFO  multi-client-ws.core - #'multi-client-ws.handler/init-app stopped 
2021-01-15 11:10:10,334 [main] DEBUG org.jboss.logging - Logging Provider: org.jboss.logging.Slf4jLoggerProvider 
2021-01-15 11:10:45,314 [nREPL-session-4fc0a775-781e-4258-aebc-298a506d517b] INFO  multi-client-ws.env - 
-=[multi-client-ws started successfully using the development profile]=- 
2021-01-15 11:10:45,599 [nREPL-session-4fc0a775-781e-4258-aebc-298a506d517b] INFO  luminus.http-server - starting HTTP server on port 3000 
2021-01-15 11:10:45,627 [nREPL-session-4fc0a775-781e-4258-aebc-298a506d517b] DEBUG io.undertow - starting undertow server io.undertow.Undertow@146a1396 
2021-01-15 11:10:45,633 [nREPL-session-4fc0a775-781e-4258-aebc-298a506d517b] INFO  org.xnio - XNIO version 3.3.6.Final 
2021-01-15 11:10:45,719 [nREPL-session-4fc0a775-781e-4258-aebc-298a506d517b] DEBUG io.undertow - Configuring listener with protocol HTTP for interface 0.0.0.0 and port 3000 
2021-01-15 11:10:45,742 [nREPL-session-4fc0a775-781e-4258-aebc-298a506d517b] INFO  org.projectodd.wunderboss.web.Web - Registered web context / 
2021-01-15 11:20:24,823 [main] DEBUG org.jboss.logging - Logging Provider: org.jboss.logging.Slf4jLoggerProvider 
2021-01-15 11:23:57,229 [Thread-26] ERROR multi-client-ws.core - {:what :uncaught-exception, :exception #error {
 :cause nil
 :via
 [{:type java.lang.NullPointerException
   :message nil
   :at [java.util.regex.Matcher getTextLength Matcher.java 1770]}]
 :trace
 [[java.util.regex.Matcher getTextLength Matcher.java 1770]
  [java.util.regex.Matcher reset Matcher.java 416]
  [java.util.regex.Matcher <init> Matcher.java 253]
  [java.util.regex.Pattern matcher Pattern.java 1133]
  [clojure.core$re_matcher invokeStatic core.clj 4845]
  [clojure.core$re_find invokeStatic core.clj 4887]
  [clojure.core$re_find invoke core.clj 4887]
  [cljs.analyzer$analyze_file invokeStatic analyzer.cljc 4741]
  [cljs.analyzer$analyze_file invoke analyzer.cljc 4717]
  [cljs.analyzer$analyze_file invokeStatic analyzer.cljc 4731]
  [cljs.analyzer$analyze_file invoke analyzer.cljc 4717]
  [cljs.analyzer$analyze_file invokeStatic analyzer.cljc 4727]
  [cljs.analyzer$analyze_file invoke analyzer.cljc 4717]
  [cljs.repl$repl_STAR_$fn__6924$fn__6925$fn__6928 invoke repl.cljc 1180]
  [clojure.lang.AFn applyToHelper AFn.java 152]
  [clojure.lang.AFn applyTo AFn.java 144]
  [clojure.core$apply invokeStatic core.clj 667]
  [clojure.core$with_bindings_STAR_ invokeStatic core.clj 1977]
  [clojure.core$with_bindings_STAR_ doInvoke core.clj 1977]
  [clojure.lang.RestFn invoke RestFn.java 425]
  [clojure.lang.AFn applyToHelper AFn.java 156]
  [clojure.lang.RestFn applyTo RestFn.java 132]
  [clojure.core$apply invokeStatic core.clj 671]
  [clojure.core$bound_fn_STAR_$fn__5768 doInvoke core.clj 2007]
  [clojure.lang.RestFn invoke RestFn.java 397]
  [clojure.lang.AFn run AFn.java 22]
  [java.lang.Thread run Thread.java 834]]}, :where Uncaught exception onThread-26} 
2021-01-15 12:35:57,868 [nREPL-session-4fc0a775-781e-4258-aebc-298a506d517b] INFO  user - hi 
2021-01-15 12:36:09,221 [Thread-48] ERROR multi-client-ws.core - {:what :uncaught-exception, :exception #error {
 :cause nil
 :via
 [{:type java.lang.NullPointerException
   :message nil
   :at [java.util.regex.Matcher getTextLength Matcher.java 1770]}]
 :trace
 [[java.util.regex.Matcher getTextLength Matcher.java 1770]
  [java.util.regex.Matcher reset Matcher.java 416]
  [java.util.regex.Matcher <init> Matcher.java 253]
  [java.util.regex.Pattern matcher Pattern.java 1133]
  [clojure.core$re_matcher invokeStatic core.clj 4845]
  [clojure.core$re_find invokeStatic core.clj 4887]
  [clojure.core$re_find invoke core.clj 4887]
  [cljs.analyzer$analyze_file invokeStatic analyzer.cljc 4741]
  [cljs.analyzer$analyze_file invoke analyzer.cljc 4717]
  [cljs.analyzer$analyze_file invokeStatic analyzer.cljc 4731]
  [cljs.analyzer$analyze_file invoke analyzer.cljc 4717]
  [cljs.analyzer$analyze_file invokeStatic analyzer.cljc 4727]
  [cljs.analyzer$analyze_file invoke analyzer.cljc 4717]
  [cljs.repl$repl_STAR_$fn__6924$fn__6925$fn__6928 invoke repl.cljc 1180]
  [clojure.lang.AFn applyToHelper AFn.java 152]
  [clojure.lang.AFn applyTo AFn.java 144]
  [clojure.core$apply invokeStatic core.clj 667]
  [clojure.core$with_bindings_STAR_ invokeStatic core.clj 1977]
  [clojure.core$with_bindings_STAR_ doInvoke core.clj 1977]
  [clojure.lang.RestFn invoke RestFn.java 425]
  [clojure.lang.AFn applyToHelper AFn.java 156]
  [clojure.lang.RestFn applyTo RestFn.java 132]
  [clojure.core$apply invokeStatic core.clj 671]
  [clojure.core$bound_fn_STAR_$fn__5768 doInvoke core.clj 2007]
  [clojure.lang.RestFn invoke RestFn.java 397]
  [clojure.lang.AFn run AFn.java 22]
  [java.lang.Thread run Thread.java 834]]}, :where Uncaught exception onThread-48} 
2021-01-15 12:53:18,368 [Thread-51] ERROR multi-client-ws.core - {:what :uncaught-exception, :exception #error {
 :cause nil
 :via
 [{:type java.lang.NullPointerException
   :message nil
   :at [java.util.regex.Matcher getTextLength Matcher.java 1770]}]
 :trace
 [[java.util.regex.Matcher getTextLength Matcher.java 1770]
  [java.util.regex.Matcher reset Matcher.java 416]
  [java.util.regex.Matcher <init> Matcher.java 253]
  [java.util.regex.Pattern matcher Pattern.java 1133]
  [clojure.core$re_matcher invokeStatic core.clj 4845]
  [clojure.core$re_find invokeStatic core.clj 4887]
  [clojure.core$re_find invoke core.clj 4887]
  [cljs.analyzer$analyze_file invokeStatic analyzer.cljc 4741]
  [cljs.analyzer$analyze_file invoke analyzer.cljc 4717]
  [cljs.analyzer$analyze_file invokeStatic analyzer.cljc 4731]
  [cljs.analyzer$analyze_file invoke analyzer.cljc 4717]
  [cljs.analyzer$analyze_file invokeStatic analyzer.cljc 4727]
  [cljs.analyzer$analyze_file invoke analyzer.cljc 4717]
  [cljs.repl$repl_STAR_$fn__6924$fn__6925$fn__6928 invoke repl.cljc 1180]
  [clojure.lang.AFn applyToHelper AFn.java 152]
  [clojure.lang.AFn applyTo AFn.java 144]
  [clojure.core$apply invokeStatic core.clj 667]
  [clojure.core$with_bindings_STAR_ invokeStatic core.clj 1977]
  [clojure.core$with_bindings_STAR_ doInvoke core.clj 1977]
  [clojure.lang.RestFn invoke RestFn.java 425]
  [clojure.lang.AFn applyToHelper AFn.java 156]
  [clojure.lang.RestFn applyTo RestFn.java 132]
  [clojure.core$apply invokeStatic core.clj 671]
  [clojure.core$bound_fn_STAR_$fn__5768 doInvoke core.clj 2007]
  [clojure.lang.RestFn invoke RestFn.java 397]
  [clojure.lang.AFn run AFn.java 22]
  [java.lang.Thread run Thread.java 834]]}, :where Uncaught exception onThread-51} 
2021-01-15 13:37:22,783 [Thread-62] ERROR multi-client-ws.core - {:what :uncaught-exception, :exception #error {
 :cause nil
 :via
 [{:type java.lang.NullPointerException
   :message nil
   :at [java.util.regex.Matcher getTextLength Matcher.java 1770]}]
 :trace
 [[java.util.regex.Matcher getTextLength Matcher.java 1770]
  [java.util.regex.Matcher reset Matcher.java 416]
  [java.util.regex.Matcher <init> Matcher.java 253]
  [java.util.regex.Pattern matcher Pattern.java 1133]
  [clojure.core$re_matcher invokeStatic core.clj 4845]
  [clojure.core$re_find invokeStatic core.clj 4887]
  [clojure.core$re_find invoke core.clj 4887]
  [cljs.analyzer$analyze_file invokeStatic analyzer.cljc 4741]
  [cljs.analyzer$analyze_file invoke analyzer.cljc 4717]
  [cljs.analyzer$analyze_file invokeStatic analyzer.cljc 4731]
  [cljs.analyzer$analyze_file invoke analyzer.cljc 4717]
  [cljs.analyzer$analyze_file invokeStatic analyzer.cljc 4727]
  [cljs.analyzer$analyze_file invoke analyzer.cljc 4717]
  [cljs.repl$repl_STAR_$fn__6924$fn__6925$fn__6928 invoke repl.cljc 1180]
  [clojure.lang.AFn applyToHelper AFn.java 152]
  [clojure.lang.AFn applyTo AFn.java 144]
  [clojure.core$apply invokeStatic core.clj 667]
  [clojure.core$with_bindings_STAR_ invokeStatic core.clj 1977]
  [clojure.core$with_bindings_STAR_ doInvoke core.clj 1977]
  [clojure.lang.RestFn invoke RestFn.java 425]
  [clojure.lang.AFn applyToHelper AFn.java 156]
  [clojure.lang.RestFn applyTo RestFn.java 132]
  [clojure.core$apply invokeStatic core.clj 671]
  [clojure.core$bound_fn_STAR_$fn__5768 doInvoke core.clj 2007]
  [clojure.lang.RestFn invoke RestFn.java 397]
  [clojure.lang.AFn run AFn.java 22]
  [java.lang.Thread run Thread.java 834]]}, :where Uncaught exception onThread-62} 
2021-01-15 13:44:59,825 [main] DEBUG org.jboss.logging - Logging Provider: org.jboss.logging.Slf4jLoggerProvider 
2021-01-15 13:48:06,430 [Thread-21] ERROR multi-client-ws.core - {:what :uncaught-exception, :exception #error {
 :cause nil
 :via
 [{:type java.lang.NullPointerException
   :message nil
   :at [java.util.regex.Matcher getTextLength Matcher.java 1770]}]
 :trace
 [[java.util.regex.Matcher getTextLength Matcher.java 1770]
  [java.util.regex.Matcher reset Matcher.java 416]
  [java.util.regex.Matcher <init> Matcher.java 253]
  [java.util.regex.Pattern matcher Pattern.java 1133]
  [clojure.core$re_matcher invokeStatic core.clj 4856]
  [clojure.core$re_find invokeStatic core.clj 4898]
  [clojure.core$re_find invoke core.clj 4898]
  [cljs.analyzer$analyze_file invokeStatic analyzer.cljc 4741]
  [cljs.analyzer$analyze_file invoke analyzer.cljc 4717]
  [cljs.analyzer$analyze_file invokeStatic analyzer.cljc 4731]
  [cljs.analyzer$analyze_file invoke analyzer.cljc 4717]
  [cljs.analyzer$analyze_file invokeStatic analyzer.cljc 4727]
  [cljs.analyzer$analyze_file invoke analyzer.cljc 4717]
  [cljs.repl$repl_STAR_$fn__6924$fn__6925$fn__6928 invoke repl.cljc 1180]
  [clojure.lang.AFn applyToHelper AFn.java 152]
  [clojure.lang.AFn applyTo AFn.java 144]
  [clojure.core$apply invokeStatic core.clj 665]
  [clojure.core$with_bindings_STAR_ invokeStatic core.clj 1973]
  [clojure.core$with_bindings_STAR_ doInvoke core.clj 1973]
  [clojure.lang.RestFn invoke RestFn.java 425]
  [clojure.lang.AFn applyToHelper AFn.java 156]
  [clojure.lang.RestFn applyTo RestFn.java 132]
  [clojure.core$apply invokeStatic core.clj 669]
  [clojure.core$bound_fn_STAR_$fn__5749 doInvoke core.clj 2003]
  [clojure.lang.RestFn invoke RestFn.java 397]
  [clojure.lang.AFn run AFn.java 22]
  [java.lang.Thread run Thread.java 834]]}, :where Uncaught exception onThread-21} 
2021-01-15 13:58:47,323 [nREPL-session-5504a433-f9d4-401c-bca2-982d521ca861] INFO  multi-client-ws.env - 
-=[multi-client-ws started successfully using the development profile]=- 
2021-01-15 13:58:47,565 [nREPL-session-5504a433-f9d4-401c-bca2-982d521ca861] INFO  luminus.http-server - starting HTTP server on port 3000 
2021-01-15 13:58:47,587 [nREPL-session-5504a433-f9d4-401c-bca2-982d521ca861] DEBUG io.undertow - starting undertow server io.undertow.Undertow@36e6b2b0 
2021-01-15 13:58:47,594 [nREPL-session-5504a433-f9d4-401c-bca2-982d521ca861] INFO  org.xnio - XNIO version 3.3.6.Final 
2021-01-15 13:58:47,690 [nREPL-session-5504a433-f9d4-401c-bca2-982d521ca861] DEBUG io.undertow - Configuring listener with protocol HTTP for interface 0.0.0.0 and port 3000 
2021-01-15 13:58:47,713 [nREPL-session-5504a433-f9d4-401c-bca2-982d521ca861] INFO  org.projectodd.wunderboss.web.Web - Registered web context / 
2021-01-15 13:58:59,813 [Thread-49] ERROR multi-client-ws.core - {:what :uncaught-exception, :exception #error {
 :cause nil
 :via
 [{:type java.lang.NullPointerException
   :message nil
   :at [java.util.regex.Matcher getTextLength Matcher.java 1770]}]
 :trace
 [[java.util.regex.Matcher getTextLength Matcher.java 1770]
  [java.util.regex.Matcher reset Matcher.java 416]
  [java.util.regex.Matcher <init> Matcher.java 253]
  [java.util.regex.Pattern matcher Pattern.java 1133]
  [clojure.core$re_matcher invokeStatic core.clj 4856]
  [clojure.core$re_find invokeStatic core.clj 4898]
  [clojure.core$re_find invoke core.clj 4898]
  [cljs.analyzer$analyze_file invokeStatic analyzer.cljc 4741]
  [cljs.analyzer$analyze_file invoke analyzer.cljc 4717]
  [cljs.analyzer$analyze_file invokeStatic analyzer.cljc 4731]
  [cljs.analyzer$analyze_file invoke analyzer.cljc 4717]
  [cljs.analyzer$analyze_file invokeStatic analyzer.cljc 4727]
  [cljs.analyzer$analyze_file invoke analyzer.cljc 4717]
  [cljs.repl$repl_STAR_$fn__6924$fn__6925$fn__6928 invoke repl.cljc 1180]
  [clojure.lang.AFn applyToHelper AFn.java 152]
  [clojure.lang.AFn applyTo AFn.java 144]
  [clojure.core$apply invokeStatic core.clj 665]
  [clojure.core$with_bindings_STAR_ invokeStatic core.clj 1973]
  [clojure.core$with_bindings_STAR_ doInvoke core.clj 1973]
  [clojure.lang.RestFn invoke RestFn.java 425]
  [clojure.lang.AFn applyToHelper AFn.java 156]
  [clojure.lang.RestFn applyTo RestFn.java 132]
  [clojure.core$apply invokeStatic core.clj 669]
  [clojure.core$bound_fn_STAR_$fn__5749 doInvoke core.clj 2003]
  [clojure.lang.RestFn invoke RestFn.java 397]
  [clojure.lang.AFn run AFn.java 22]
  [java.lang.Thread run Thread.java 834]]}, :where Uncaught exception onThread-49} 
2021-01-15 15:09:17,568 [main] DEBUG org.jboss.logging - Logging Provider: org.jboss.logging.Slf4jLoggerProvider 
2021-01-15 15:09:17,784 [main] INFO  multi-client-ws.env - 
-=[multi-client-ws started successfully using the development profile]=- 
2021-01-15 15:09:18,110 [main] INFO  luminus.http-server - starting HTTP server on port 3000 
2021-01-15 15:09:18,131 [main] DEBUG io.undertow - starting undertow server io.undertow.Undertow@3f263937 
2021-01-15 15:09:18,136 [main] INFO  org.xnio - XNIO version 3.3.6.Final 
2021-01-15 15:09:18,231 [main] DEBUG io.undertow - Configuring listener with protocol HTTP for interface 0.0.0.0 and port 3000 
2021-01-15 15:09:18,257 [main] INFO  org.projectodd.wunderboss.web.Web - Registered web context / 
2021-01-15 15:09:18,259 [main] INFO  multi-client-ws.nrepl - starting nREPL server on port 7000 
2021-01-15 15:09:18,269 [main] INFO  multi-client-ws.core - #'multi-client-ws.config/env started 
2021-01-15 15:09:18,269 [main] INFO  multi-client-ws.core - #'multi-client-ws.handler/init-app started 
2021-01-15 15:09:18,269 [main] INFO  multi-client-ws.core - #'multi-client-ws.handler/app-routes started 
2021-01-15 15:09:18,269 [main] INFO  multi-client-ws.core - #'multi-client-ws.core/http-server started 
2021-01-15 15:09:18,269 [main] INFO  multi-client-ws.core - #'multi-client-ws.core/repl-server started 
2021-01-15 15:09:54,161 [main] DEBUG org.jboss.logging - Logging Provider: org.jboss.logging.Slf4jLoggerProvider 
2021-01-15 15:13:45,547 [Thread-2] INFO  multi-client-ws.nrepl - nREPL server stopped 
2021-01-15 15:13:45,548 [Thread-2] DEBUG org.projectodd.wunderboss.WunderBoss - Returning existing component for org.projectodd.wunderboss.web.Web:-1645144552, ignoring options. 
2021-01-15 15:13:45,550 [Thread-2] DEBUG io.undertow - stopping undertow server io.undertow.Undertow@3f263937 
2021-01-15 15:13:45,559 [Thread-2] INFO  luminus.http-server - HTTP server stopped 
2021-01-15 15:13:45,560 [Thread-2] INFO  multi-client-ws.env - 
-=[multi-client-ws has shut down successfully]=- 
2021-01-15 15:13:45,561 [Thread-2] INFO  multi-client-ws.core - #'multi-client-ws.core/repl-server stopped 
2021-01-15 15:13:45,561 [Thread-2] INFO  multi-client-ws.core - #'multi-client-ws.core/http-server stopped 
2021-01-15 15:13:45,561 [Thread-2] INFO  multi-client-ws.core - #'multi-client-ws.handler/init-app stopped 
2021-01-15 15:14:24,246 [main] DEBUG org.jboss.logging - Logging Provider: org.jboss.logging.Slf4jLoggerProvider 
2021-01-15 15:14:35,479 [nREPL-session-110c5b08-9b6b-4f93-9c7d-033e0d570b12] INFO  multi-client-ws.env - 
-=[multi-client-ws started successfully using the development profile]=- 
2021-01-15 15:14:35,788 [nREPL-session-110c5b08-9b6b-4f93-9c7d-033e0d570b12] INFO  luminus.http-server - starting HTTP server on port 3000 
2021-01-15 15:14:35,812 [nREPL-session-110c5b08-9b6b-4f93-9c7d-033e0d570b12] DEBUG io.undertow - starting undertow server io.undertow.Undertow@63a295c8 
2021-01-15 15:14:35,821 [nREPL-session-110c5b08-9b6b-4f93-9c7d-033e0d570b12] INFO  org.xnio - XNIO version 3.3.6.Final 
2021-01-15 15:14:35,921 [nREPL-session-110c5b08-9b6b-4f93-9c7d-033e0d570b12] DEBUG io.undertow - Configuring listener with protocol HTTP for interface 0.0.0.0 and port 3000 
2021-01-15 15:14:35,946 [nREPL-session-110c5b08-9b6b-4f93-9c7d-033e0d570b12] INFO  org.projectodd.wunderboss.web.Web - Registered web context / 
2021-01-15 15:15:26,211 [Thread-27] ERROR multi-client-ws.core - {:what :uncaught-exception, :exception #error {
 :cause nil
 :via
 [{:type java.lang.NullPointerException
   :message nil
   :at [java.util.regex.Matcher getTextLength Matcher.java 1770]}]
 :trace
 [[java.util.regex.Matcher getTextLength Matcher.java 1770]
  [java.util.regex.Matcher reset Matcher.java 416]
  [java.util.regex.Matcher <init> Matcher.java 253]
  [java.util.regex.Pattern matcher Pattern.java 1133]
  [clojure.core$re_matcher invokeStatic core.clj 4856]
  [clojure.core$re_find invokeStatic core.clj 4898]
  [clojure.core$re_find invoke core.clj 4898]
  [cljs.analyzer$analyze_file invokeStatic analyzer.cljc 4741]
  [cljs.analyzer$analyze_file invoke analyzer.cljc 4717]
  [cljs.analyzer$analyze_file invokeStatic analyzer.cljc 4731]
  [cljs.analyzer$analyze_file invoke analyzer.cljc 4717]
  [cljs.analyzer$analyze_file invokeStatic analyzer.cljc 4727]
  [cljs.analyzer$analyze_file invoke analyzer.cljc 4717]
  [cljs.repl$repl_STAR_$fn__6924$fn__6925$fn__6928 invoke repl.cljc 1180]
  [clojure.lang.AFn applyToHelper AFn.java 152]
  [clojure.lang.AFn applyTo AFn.java 144]
  [clojure.core$apply invokeStatic core.clj 665]
  [clojure.core$with_bindings_STAR_ invokeStatic core.clj 1973]
  [clojure.core$with_bindings_STAR_ doInvoke core.clj 1973]
  [clojure.lang.RestFn invoke RestFn.java 425]
  [clojure.lang.AFn applyToHelper AFn.java 156]
  [clojure.lang.RestFn applyTo RestFn.java 132]
  [clojure.core$apply invokeStatic core.clj 669]
  [clojure.core$bound_fn_STAR_$fn__5749 doInvoke core.clj 2003]
  [clojure.lang.RestFn invoke RestFn.java 397]
  [clojure.lang.AFn run AFn.java 22]
  [java.lang.Thread run Thread.java 834]]}, :where Uncaught exception onThread-27} 
2021-01-15 15:15:26,621 [nREPL-session-8c7724a3-8102-4ede-b9d1-2b26f3e8673f] ERROR multi-client-ws.core - {:what :uncaught-exception, :exception #error {
 :cause Socket closed
 :via
 [{:type java.net.SocketException
   :message Socket closed
   :at [java.net.SocketOutputStream socketWrite SocketOutputStream.java 113]}]
 :trace
 [[java.net.SocketOutputStream socketWrite SocketOutputStream.java 113]
  [java.net.SocketOutputStream write SocketOutputStream.java 150]
  [java.io.BufferedOutputStream flushBuffer BufferedOutputStream.java 81]
  [java.io.BufferedOutputStream write BufferedOutputStream.java 127]
  [java.io.FilterOutputStream write FilterOutputStream.java 108]
  [jdk.internal.reflect.GeneratedMethodAccessor33 invoke nil -1]
  [jdk.internal.reflect.DelegatingMethodAccessorImpl invoke DelegatingMethodAccessorImpl.java 43]
  [java.lang.reflect.Method invoke Method.java 566]
  [clojure.lang.Reflector invokeMatchingMethod Reflector.java 167]
  [clojure.lang.Reflector invokeInstanceMethod Reflector.java 102]
  [nrepl.transport$safe_write_bencode invokeStatic transport.clj 103]
  [nrepl.transport$safe_write_bencode invoke transport.clj 93]
  [nrepl.transport$bencode$fn__33963 invoke transport.clj 122]
  [nrepl.transport.FnTransport send transport.clj 28]
  [nrepl.middleware.print$send_nonstreamed invokeStatic print.clj 159]
  [nrepl.middleware.print$send_nonstreamed invoke print.clj 138]
  [nrepl.middleware.print$printing_transport$reify__34395 send print.clj 174]
  [nrepl.middleware.caught$caught_transport$reify__34430 send caught.clj 58]
  [nrepl.middleware.interruptible_eval$evaluate$fn__34496 invoke interruptible_eval.clj 132]
  [clojure.main$repl$fn__9095 invoke main.clj 460]
  [clojure.main$repl invokeStatic main.clj 458]
  [clojure.main$repl doInvoke main.clj 368]
  [clojure.lang.RestFn applyTo RestFn.java 137]
  [clojure.core$apply invokeStatic core.clj 665]
  [clojure.core$apply invoke core.clj 660]
  [refactor_nrepl.ns.slam.hound.regrow$wrap_clojure_repl$fn__45186 doInvoke regrow.clj 20]
  [clojure.lang.RestFn invoke RestFn.java 1523]
  [nrepl.middleware.interruptible_eval$evaluate invokeStatic interruptible_eval.clj 84]
  [nrepl.middleware.interruptible_eval$evaluate invoke interruptible_eval.clj 56]
  [nrepl.middleware.interruptible_eval$interruptible_eval$fn__34504$fn__34508 invoke interruptible_eval.clj 152]
  [clojure.lang.AFn run AFn.java 22]
  [nrepl.middleware.session$session_exec$main_loop__34571$fn__34575 invoke session.clj 202]
  [nrepl.middleware.session$session_exec$main_loop__34571 invoke session.clj 201]
  [clojure.lang.AFn run AFn.java 22]
  [java.lang.Thread run Thread.java 834]]}, :where Uncaught exception onnREPL-session-8c7724a3-8102-4ede-b9d1-2b26f3e8673f} 
2021-01-15 15:16:23,531 [Thread-29] ERROR multi-client-ws.core - {:what :uncaught-exception, :exception #error {
 :cause nil
 :via
 [{:type java.lang.NullPointerException
   :message nil
   :at [java.util.regex.Matcher getTextLength Matcher.java 1770]}]
 :trace
 [[java.util.regex.Matcher getTextLength Matcher.java 1770]
  [java.util.regex.Matcher reset Matcher.java 416]
  [java.util.regex.Matcher <init> Matcher.java 253]
  [java.util.regex.Pattern matcher Pattern.java 1133]
  [clojure.core$re_matcher invokeStatic core.clj 4856]
  [clojure.core$re_find invokeStatic core.clj 4898]
  [clojure.core$re_find invoke core.clj 4898]
  [cljs.analyzer$analyze_file invokeStatic analyzer.cljc 4741]
  [cljs.analyzer$analyze_file invoke analyzer.cljc 4717]
  [cljs.analyzer$analyze_file invokeStatic analyzer.cljc 4731]
  [cljs.analyzer$analyze_file invoke analyzer.cljc 4717]
  [cljs.analyzer$analyze_file invokeStatic analyzer.cljc 4727]
  [cljs.analyzer$analyze_file invoke analyzer.cljc 4717]
  [cljs.repl$repl_STAR_$fn__6924$fn__6925$fn__6928 invoke repl.cljc 1180]
  [clojure.lang.AFn applyToHelper AFn.java 152]
  [clojure.lang.AFn applyTo AFn.java 144]
  [clojure.core$apply invokeStatic core.clj 665]
  [clojure.core$with_bindings_STAR_ invokeStatic core.clj 1973]
  [clojure.core$with_bindings_STAR_ doInvoke core.clj 1973]
  [clojure.lang.RestFn invoke RestFn.java 425]
  [clojure.lang.AFn applyToHelper AFn.java 156]
  [clojure.lang.RestFn applyTo RestFn.java 132]
  [clojure.core$apply invokeStatic core.clj 669]
  [clojure.core$bound_fn_STAR_$fn__5749 doInvoke core.clj 2003]
  [clojure.lang.RestFn invoke RestFn.java 397]
  [clojure.lang.AFn run AFn.java 22]
  [java.lang.Thread run Thread.java 834]]}, :where Uncaught exception onThread-29} 
2021-01-15 22:25:11,270 [main] DEBUG org.jboss.logging - Logging Provider: org.jboss.logging.Slf4jLoggerProvider 
2021-01-15 22:25:23,413 [nREPL-session-7a0261d5-d100-40ea-9f30-c7de63e62a44] INFO  multi-client-ws.env - 
-=[multi-client-ws started successfully using the development profile]=- 
2021-01-15 22:25:23,792 [nREPL-session-7a0261d5-d100-40ea-9f30-c7de63e62a44] INFO  luminus.http-server - starting HTTP server on port 3000 
2021-01-15 22:25:23,827 [nREPL-session-7a0261d5-d100-40ea-9f30-c7de63e62a44] DEBUG io.undertow - starting undertow server io.undertow.Undertow@46ee1033 
2021-01-15 22:25:23,833 [nREPL-session-7a0261d5-d100-40ea-9f30-c7de63e62a44] INFO  org.xnio - XNIO version 3.3.6.Final 
2021-01-15 22:25:23,928 [nREPL-session-7a0261d5-d100-40ea-9f30-c7de63e62a44] DEBUG io.undertow - Configuring listener with protocol HTTP for interface 0.0.0.0 and port 3000 
2021-01-15 22:25:23,953 [nREPL-session-7a0261d5-d100-40ea-9f30-c7de63e62a44] INFO  org.projectodd.wunderboss.web.Web - Registered web context / 
2021-01-15 22:25:36,779 [Thread-21] ERROR multi-client-ws.core - {:what :uncaught-exception, :exception #error {
 :cause nil
 :via
 [{:type java.lang.NullPointerException
   :message nil
   :at [java.util.regex.Matcher getTextLength Matcher.java 1770]}]
 :trace
 [[java.util.regex.Matcher getTextLength Matcher.java 1770]
  [java.util.regex.Matcher reset Matcher.java 416]
  [java.util.regex.Matcher <init> Matcher.java 253]
  [java.util.regex.Pattern matcher Pattern.java 1133]
  [clojure.core$re_matcher invokeStatic core.clj 4856]
  [clojure.core$re_find invokeStatic core.clj 4898]
  [clojure.core$re_find invoke core.clj 4898]
  [cljs.analyzer$analyze_file invokeStatic analyzer.cljc 4741]
  [cljs.analyzer$analyze_file invoke analyzer.cljc 4717]
  [cljs.analyzer$analyze_file invokeStatic analyzer.cljc 4731]
  [cljs.analyzer$analyze_file invoke analyzer.cljc 4717]
  [cljs.analyzer$analyze_file invokeStatic analyzer.cljc 4727]
  [cljs.analyzer$analyze_file invoke analyzer.cljc 4717]
  [cljs.repl$repl_STAR_$fn__6924$fn__6925$fn__6928 invoke repl.cljc 1180]
  [clojure.lang.AFn applyToHelper AFn.java 152]
  [clojure.lang.AFn applyTo AFn.java 144]
  [clojure.core$apply invokeStatic core.clj 665]
  [clojure.core$with_bindings_STAR_ invokeStatic core.clj 1973]
  [clojure.core$with_bindings_STAR_ doInvoke core.clj 1973]
  [clojure.lang.RestFn invoke RestFn.java 425]
  [clojure.lang.AFn applyToHelper AFn.java 156]
  [clojure.lang.RestFn applyTo RestFn.java 132]
  [clojure.core$apply invokeStatic core.clj 669]
  [clojure.core$bound_fn_STAR_$fn__5749 doInvoke core.clj 2003]
  [clojure.lang.RestFn invoke RestFn.java 397]
  [clojure.lang.AFn run AFn.java 22]
  [java.lang.Thread run Thread.java 834]]}, :where Uncaught exception onThread-21} 
