2021-01-13 13:08:06,465 [main] DEBUG org.jboss.logging - Logging Provider: org.jboss.logging.Slf4jLoggerProvider 
2021-01-13 13:08:06,705 [main] INFO  multi-client-ws.env - 
-=[multi-client-ws started successfully using the development profile]=- 
2021-01-13 13:08:07,046 [main] INFO  luminus.http-server - starting HTTP server on port 3000 
2021-01-13 13:08:07,074 [main] DEBUG io.undertow - starting undertow server io.undertow.Undertow@4db72eb3 
2021-01-13 13:08:07,083 [main] INFO  org.xnio - XNIO version 3.3.6.Final 
2021-01-13 13:08:07,206 [main] DEBUG io.undertow - Configuring listener with protocol HTTP for interface 0.0.0.0 and port 3000 
2021-01-13 13:08:07,235 [main] INFO  org.projectodd.wunderboss.web.Web - Registered web context / 
2021-01-13 13:08:07,236 [main] INFO  multi-client-ws.nrepl - starting nREPL server on port 7000 
2021-01-13 13:08:07,246 [main] INFO  multi-client-ws.core - #'multi-client-ws.config/env started 
2021-01-13 13:08:07,246 [main] INFO  multi-client-ws.core - #'multi-client-ws.handler/init-app started 
2021-01-13 13:08:07,246 [main] INFO  multi-client-ws.core - #'multi-client-ws.handler/app-routes started 
2021-01-13 13:08:07,247 [main] INFO  multi-client-ws.core - #'multi-client-ws.core/http-server started 
2021-01-13 13:08:07,247 [main] INFO  multi-client-ws.core - #'multi-client-ws.core/repl-server started 
2021-01-13 13:09:47,598 [Thread-2] INFO  multi-client-ws.nrepl - nREPL server stopped 
2021-01-13 13:09:47,599 [Thread-2] DEBUG org.projectodd.wunderboss.WunderBoss - Returning existing component for org.projectodd.wunderboss.web.Web:-1645144552, ignoring options. 
2021-01-13 13:09:47,600 [Thread-2] DEBUG io.undertow - stopping undertow server io.undertow.Undertow@4db72eb3 
2021-01-13 13:09:47,603 [Thread-2] INFO  luminus.http-server - HTTP server stopped 
2021-01-13 13:09:47,604 [Thread-2] INFO  multi-client-ws.env - 
-=[multi-client-ws has shut down successfully]=- 
2021-01-13 13:09:47,605 [Thread-2] INFO  multi-client-ws.core - #'multi-client-ws.core/repl-server stopped 
2021-01-13 13:09:47,605 [Thread-2] INFO  multi-client-ws.core - #'multi-client-ws.core/http-server stopped 
2021-01-13 13:09:47,606 [Thread-2] INFO  multi-client-ws.core - #'multi-client-ws.handler/init-app stopped 
2021-01-13 13:10:09,529 [main] DEBUG org.jboss.logging - Logging Provider: org.jboss.logging.Slf4jLoggerProvider 
2021-01-13 13:11:33,933 [main] DEBUG org.jboss.logging - Logging Provider: org.jboss.logging.Slf4jLoggerProvider 
2021-01-13 13:11:34,164 [main] INFO  multi-client-ws.env - 
-=[multi-client-ws started successfully using the development profile]=- 
2021-01-13 13:11:34,496 [main] INFO  luminus.http-server - starting HTTP server on port 3000 
2021-01-13 13:11:34,522 [main] DEBUG io.undertow - starting undertow server io.undertow.Undertow@1fd61b81 
2021-01-13 13:11:34,527 [main] INFO  org.xnio - XNIO version 3.3.6.Final 
2021-01-13 13:11:34,621 [main] DEBUG io.undertow - Configuring listener with protocol HTTP for interface 0.0.0.0 and port 3000 
2021-01-13 13:11:34,647 [main] INFO  org.projectodd.wunderboss.web.Web - Registered web context / 
2021-01-13 13:11:34,648 [main] INFO  multi-client-ws.nrepl - starting nREPL server on port 7000 
2021-01-13 13:11:34,659 [main] INFO  multi-client-ws.core - #'multi-client-ws.config/env started 
2021-01-13 13:11:34,659 [main] INFO  multi-client-ws.core - #'multi-client-ws.handler/init-app started 
2021-01-13 13:11:34,659 [main] INFO  multi-client-ws.core - #'multi-client-ws.handler/app-routes started 
2021-01-13 13:11:34,659 [main] INFO  multi-client-ws.core - #'multi-client-ws.core/http-server started 
2021-01-13 13:11:34,660 [main] INFO  multi-client-ws.core - #'multi-client-ws.core/repl-server started 
2021-01-13 13:30:12,397 [main] DEBUG org.jboss.logging - Logging Provider: org.jboss.logging.Slf4jLoggerProvider 
2021-01-13 21:55:07,322 [Thread-2] INFO  multi-client-ws.nrepl - nREPL server stopped 
2021-01-13 21:55:07,324 [Thread-2] DEBUG org.projectodd.wunderboss.WunderBoss - Returning existing component for org.projectodd.wunderboss.web.Web:-1645144552, ignoring options. 
2021-01-13 21:55:07,326 [Thread-2] DEBUG io.undertow - stopping undertow server io.undertow.Undertow@1fd61b81 
2021-01-13 21:55:07,331 [Thread-2] INFO  luminus.http-server - HTTP server stopped 
2021-01-13 21:55:07,332 [Thread-2] INFO  multi-client-ws.env - 
-=[multi-client-ws has shut down successfully]=- 
2021-01-13 21:55:07,332 [Thread-2] INFO  multi-client-ws.core - #'multi-client-ws.core/repl-server stopped 
2021-01-13 21:55:07,333 [Thread-2] INFO  multi-client-ws.core - #'multi-client-ws.core/http-server stopped 
2021-01-13 21:55:07,333 [Thread-2] INFO  multi-client-ws.core - #'multi-client-ws.handler/init-app stopped 
